01-Sep-2025 10:05:48.030 INFO [main] org.apache.catalina.core.ApplicationContext.log ContextListener: contextInitialized()
01-Sep-2025 10:05:48.031 INFO [main] org.apache.catalina.core.ApplicationContext.log SessionListener: contextInitialized()
01-Sep-2025 10:05:48.035 INFO [main] org.apache.catalina.core.ApplicationContext.log ContextListener: attributeAdded('StockTicker', 'async.Stockticker@2f94c4db')
01-Sep-2025 10:10:47.248 INFO [main] org.apache.catalina.core.ApplicationContext.log ContextListener: contextInitialized()
01-Sep-2025 10:10:47.248 INFO [main] org.apache.catalina.core.ApplicationContext.log SessionListener: contextInitialized()
01-Sep-2025 10:10:47.249 INFO [main] org.apache.catalina.core.ApplicationContext.log ContextListener: attributeAdded('StockTicker', 'async.Stockticker@6b5966e1')
01-Sep-2025 10:11:31.021 INFO [main] org.apache.catalina.core.ApplicationContext.log SessionListener: contextDestroyed()
01-Sep-2025 10:11:31.021 INFO [main] org.apache.catalina.core.ApplicationContext.log ContextListener: contextDestroyed()
01-Sep-2025 10:16:35.292 INFO [main] org.apache.catalina.core.ApplicationContext.log ContextListener: contextInitialized()
01-Sep-2025 10:16:35.292 INFO [main] org.apache.catalina.core.ApplicationContext.log SessionListener: contextInitialized()
01-Sep-2025 10:16:35.294 INFO [main] org.apache.catalina.core.ApplicationContext.log ContextListener: attributeAdded('StockTicker', 'async.Stockticker@6c345c5f')
01-Sep-2025 10:16:44.152 INFO [main] org.apache.catalina.core.ApplicationContext.log SessionListener: contextDestroyed()
01-Sep-2025 10:16:44.152 INFO [main] org.apache.catalina.core.ApplicationContext.log ContextListener: contextDestroyed()
01-Sep-2025 10:17:27.799 INFO [main] org.apache.catalina.core.ApplicationContext.log ContextListener: contextInitialized()
01-Sep-2025 10:17:27.799 INFO [main] org.apache.catalina.core.ApplicationContext.log SessionListener: contextInitialized()
01-Sep-2025 10:17:27.801 INFO [main] org.apache.catalina.core.ApplicationContext.log ContextListener: attributeAdded('StockTicker', 'async.Stockticker@65e61854')
01-Sep-2025 10:17:32.903 INFO [Thread-1] org.apache.catalina.core.ApplicationContext.log SessionListener: contextDestroyed()
01-Sep-2025 10:17:32.904 INFO [Thread-1] org.apache.catalina.core.ApplicationContext.log ContextListener: contextDestroyed()
01-Sep-2025 12:55:44.344 INFO [main] org.apache.catalina.core.ApplicationContext.log ContextListener: contextInitialized()
01-Sep-2025 12:55:44.344 INFO [main] org.apache.catalina.core.ApplicationContext.log SessionListener: contextInitialized()
01-Sep-2025 12:55:44.345 INFO [main] org.apache.catalina.core.ApplicationContext.log ContextListener: attributeAdded('StockTicker', 'async.Stockticker@6b5966e1')
01-Sep-2025 13:02:26.034 INFO [main] org.apache.catalina.core.ApplicationContext.log SessionListener: contextDestroyed()
01-Sep-2025 13:02:26.034 INFO [main] org.apache.catalina.core.ApplicationContext.log ContextListener: contextDestroyed()
